<?xml version="1.0" encoding="UTF-8"?>
<!-- Generated by org.testng.reporters.JUnitXMLReporter -->
<testsuite ignored="4" hostname="DESKTOP-9LKMNSQ" failures="0" tests="3" name="Test" time="0.132" errors="0" timestamp="2022-06-02T03:19:43 IST">
  <testcase classname="Test.Keywords" name="testA" time="0.022"/>
  <testcase classname="Test.Keywords" name="testD" time="0.003"/>
  <testcase classname="Test.ZerodhaHomeTest" name="GoHomepageTest" time="0.004"/>
  <testcase classname="Test.Keywords" name="testC" time="0.0">
    <ignored/>
  </testcase> <!-- testC -->
  <testcase classname="Test.Keywords" name="testB" time="0.0">
    <ignored/>
  </testcase> <!-- testB -->
  <testcase classname="Test.ZerodhaHomeTest" name="HomePageTest" time="0.0">
    <ignored/>
  </testcase> <!-- HomePageTest -->
  <testcase classname="Test.ZerodhaHomeTest" name="add" time="0.0">
    <ignored/>
  </testcase> <!-- add -->
</testsuite> <!-- Test -->
