<?xml version="1.0" encoding="UTF-8"?>
<!-- Generated by org.testng.reporters.JUnitXMLReporter -->
<testsuite ignored="1" hostname="DESKTOP-9LKMNSQ" failures="0" tests="6" name="PositiveTest" time="0.113" errors="0" timestamp="2022-06-02T03:39:53 IST">
  <testcase classname="Test.Keywords" name="testA" time="0.014"/>
  <testcase classname="Test.Keywords" name="testD" time="0.004"/>
  <testcase classname="Test.Keywords" name="testB" time="0.003"/>
  <testcase classname="Test.ZerodhaHomeTest" name="GoHomepageTest" time="0.002"/>
  <testcase classname="Test.ZerodhaHomeTest" name="HomePageTest" time="0.004"/>
  <testcase classname="Test.ZerodhaHomeTest" name="add" time="0.004"/>
  <testcase classname="Test.Keywords" name="testC" time="0.0">
    <ignored/>
  </testcase> <!-- testC -->
</testsuite> <!-- PositiveTest -->
